
========== RUN 1: 2026-04-21 08:53:11 ==========
[2026-04-21 08:53:11] === RUN 1: Running /fbuyer ===
============================================================
🚀 FACEBOOK SCRAPER - HYBRID + MiniMax AI
============================================================
[15:53:11] 📋 Groups: 6
[15:53:11] 👥 Workers: 3
[15:53:11] 🔄 Browser reuse limit: 2
[15:53:11] ⏳ Delay: 2-5 seconds
[15:53:11] 🧠 AI: JSON format - is_lead, score, reason
============================================================
[15:53:11] ✅ Loaded 5 cookies
[15:53:11] 📋 Queue filled with 6 groups
[15:53:11] 📁 Existing leads: 13 URLs
[15:53:11] 🚀 Starting 3 workers...
[15:53:11] [Worker-1] 🚀 Worker 1 starting...
[15:53:12] [Worker-2] 🚀 Worker 2 starting...
[15:53:13] [Worker-3] 🚀 Worker 3 starting...
[15:53:16] [Worker-1] 📂 Loading group: 1925997401002801
[15:53:18] [Worker-2] 📂 Loading group: 383849116272497
[15:53:19] [Worker-3] 📂 Loading group: 2317142971864047
[15:53:22] [Worker-2]    📜 Scroll 1/3...
[15:53:23] [Worker-1]    📜 Scroll 1/3...
[15:53:25] [Worker-2]       📰 Found 7 posts
[15:53:25] [Worker-3]    📜 Scroll 1/3...
[15:53:27] [Worker-1]       📰 Found 7 posts
[15:53:28] [Worker-3]       📰 Found 9 posts
[15:53:35] [Worker-3]       🟢 LEAD | score:6 | ถามเกี่ยวกับโซล่า
[15:53:37] [Worker-2]    📜 Scroll 2/3...
[15:53:41] [Worker-1]    📜 Scroll 2/3...
[15:53:42] [Worker-2]       📰 Found 7 posts
[15:53:44] [Worker-3]    📜 Scroll 2/3...
[15:53:46] [Worker-1]       📰 Found 7 posts
[15:53:47] [Worker-2]    📜 Scroll 3/3...
[15:53:48] [Worker-3]       📰 Found 11 posts
[15:53:52] [Worker-2]       📰 Found 9 posts
[15:53:54] [Worker-1]    📜 Scroll 3/3...
[15:53:55] [Worker-3]    📜 Scroll 3/3...
[15:53:59] [Worker-1]       📰 Found 7 posts
[15:54:00] [Worker-3]       📰 Found 11 posts
[15:54:05] [Worker-2] 📂 Loading group: thaisolarcell
[15:54:10] [Worker-2]    📜 Scroll 1/3...
[15:54:12] [Worker-1] 📂 Loading group: 1671213103178339
[15:54:14] [Worker-2]       📰 Found 18 posts
[15:54:14] [Worker-2]       🟢 LEAD | score:6 | ถามเกี่ยวกับโซล่า
[15:54:17] [Worker-3] 📂 Loading group: 429829328127055
[15:54:17] [Worker-1]    📜 Scroll 1/3...
[15:54:18] [Worker-2]       🟢 LEAD | score:10 | กำลังจะซื้อ/ติด
[15:54:22] [Worker-1]       📰 Found 7 posts
[15:54:24] [Worker-3]    📜 Scroll 1/3...
[15:54:27] [Worker-3]       📰 Found 6 posts
[15:54:31] [Worker-2]    📜 Scroll 2/3...
[15:54:34] [Worker-2]       📰 Found 18 posts
[15:54:36] [Worker-1]    📜 Scroll 2/3...
[15:54:39] [Worker-2]    📜 Scroll 3/3...
[15:54:41] [Worker-1]       📰 Found 7 posts
[15:54:41] [Worker-3]    📜 Scroll 2/3...
[15:54:43] [Worker-2]       📰 Found 17 posts
[15:54:44] [Worker-3]       📰 Found 7 posts
[15:54:48] [Worker-1]    📜 Scroll 3/3...
[15:54:49] [Worker-3]    📜 Scroll 3/3...
[15:54:50] [Worker-1]       📰 Found 9 posts
[15:54:53] [Worker-2] 🏁 Worker 2 queue empty, exiting
[15:54:53] [Worker-2] 🏁 Worker 2 done. Total leads: 2
[15:54:54] [Worker-3]       📰 Found 9 posts
[15:54:58] [Worker-1] 🏁 Worker 1 queue empty, exiting
[15:54:58] [Worker-1] 🏁 Worker 1 done. Total leads: 0
[15:55:03] [Worker-3] 🏁 Worker 3 queue empty, exiting
[15:55:03] [Worker-3] 🏁 Worker 3 done. Total leads: 1
============================================================
✅ COMPLETE!
📊 Leads found this run: 3
📁 Total in leads folder: 24
🏁 Groups completed: 6
💡 Run /wbuyer to export CSV
============================================================
[2026-04-21 08:53:11] === RUN 1: Running /wbuyer ===
[15:55:04] ==================================================
[15:55:04] 📊 EXPORT LEADS TO CSV
[15:55:04] ==================================================
[15:55:04] ✅ Exported 24 leads to CSV
[15:55:04] 📁 /root/.openclaw/workspace/facebook-scraper/csv_exports/leads_20260421_155504.csv
[15:55:04] 📋 Columns: No, Post URL, Message, Group, PostDate, Score, Reason, Contact, ScrapedAt
[15:55:05] ✅ Sent to Telegram!
[15:55:05] ==================================================
[2026-04-21 08:53:11] === RUN 1: COMPLETE ===
[2026-04-21 08:53:11] Sleeping 5 minutes before next run...

========== RUN 2: 2026-04-21 09:00:05 ==========
[2026-04-21 09:00:05] === RUN 2: Running /fbuyer ===
============================================================
🚀 FACEBOOK SCRAPER - HYBRID + MiniMax AI
============================================================
[16:00:05] 📋 Groups: 6
[16:00:05] 👥 Workers: 3
[16:00:05] 🔄 Browser reuse limit: 2
[16:00:05] ⏳ Delay: 2-5 seconds
[16:00:05] 🧠 AI: JSON format - is_lead, score, reason
============================================================
[16:00:05] ✅ Loaded 5 cookies
[16:00:05] 📋 Queue filled with 6 groups
[16:00:05] 📁 Existing leads: 16 URLs
[16:00:05] 🚀 Starting 3 workers...
[16:00:05] [Worker-1] 🚀 Worker 1 starting...
[16:00:06] [Worker-2] 🚀 Worker 2 starting...
[16:00:07] [Worker-3] 🚀 Worker 3 starting...
[16:00:11] [Worker-1] 📂 Loading group: 1925997401002801
[16:00:12] [Worker-2] 📂 Loading group: 383849116272497
[16:00:13] [Worker-3] 📂 Loading group: 2317142971864047
[16:00:18] [Worker-3]    📜 Scroll 1/3...
[16:00:18] [Worker-2]    📜 Scroll 1/3...
[16:00:19] [Worker-1]    📜 Scroll 1/3...
[16:00:21] [Worker-3]       📰 Found 8 posts
[16:00:21] [Worker-2]       📰 Found 7 posts
[16:00:21] [Worker-1]       📰 Found 7 posts
[16:00:32] [Worker-2]    📜 Scroll 2/3...
[16:00:34] [Worker-3]    📜 Scroll 2/3...
[16:00:35] [Worker-1]    📜 Scroll 2/3...
[16:00:36] [Worker-2]       📰 Found 7 posts
[16:00:37] [Worker-3]       📰 Found 12 posts
[16:00:38] [Worker-1]       📰 Found 7 posts
[16:00:40] [Worker-2]    📜 Scroll 3/3...
[16:00:40] [Worker-3]    📜 Scroll 3/3...
[16:00:40] [Worker-1]    📜 Scroll 3/3...
[16:00:42] [Worker-2]       📰 Found 9 posts
[16:00:42] [Worker-3]       📰 Found 12 posts
[16:00:43] [Worker-1]       📰 Found 8 posts
[16:00:55] [Worker-1] 📂 Loading group: thaisolarcell
[16:00:58] [Worker-3] 📂 Loading group: 1671213103178339
[16:00:59] [Worker-2] 📂 Loading group: 429829328127055
[16:01:02] [Worker-1]    📜 Scroll 1/3...
[16:01:03] [Worker-2]    📜 Scroll 1/3...
[16:01:05] [Worker-1]       📰 Found 14 posts
[16:01:05] [Worker-1]       🟢 LEAD | score:10 | สนใจ/กำลังพิจารณา
[16:01:05] [Worker-3]    📜 Scroll 1/3...
[16:01:06] [Worker-2]       📰 Found 7 posts
[16:01:10] [Worker-3]       📰 Found 6 posts
[16:01:12] [Worker-1]    📜 Scroll 2/3...
[16:01:16] [Worker-1]       📰 Found 14 posts
[16:01:19] [Worker-2]    📜 Scroll 2/3...
[16:01:19] [Worker-1]    📜 Scroll 3/3...
[16:01:22] [Worker-3]    📜 Scroll 2/3...
[16:01:22] [Worker-2]       📰 Found 7 posts
[16:01:24] [Worker-1]       📰 Found 19 posts
[16:01:24] [Worker-3]       📰 Found 7 posts
[16:01:25] [Worker-2]    📜 Scroll 3/3...
[16:01:27] [Worker-3]    📜 Scroll 3/3...
[16:01:30] [Worker-2]       📰 Found 9 posts
[16:01:31] [Worker-3]       📰 Found 9 posts
[16:01:31] [Worker-1] 🏁 Worker 1 queue empty, exiting
[16:01:31] [Worker-1] 🏁 Worker 1 done. Total leads: 1
[16:01:45] [Worker-2] 🏁 Worker 2 queue empty, exiting
[16:01:45] [Worker-2] 🏁 Worker 2 done. Total leads: 0
[16:01:46] [Worker-3] 🏁 Worker 3 queue empty, exiting
[16:01:46] [Worker-3] 🏁 Worker 3 done. Total leads: 0
============================================================
✅ COMPLETE!
📊 Leads found this run: 1
📁 Total in leads folder: 25
🏁 Groups completed: 6
💡 Run /wbuyer to export CSV
============================================================
[2026-04-21 09:00:05] === RUN 2: Running /wbuyer ===
[16:01:47] ==================================================
[16:01:47] 📊 EXPORT LEADS TO CSV
[16:01:47] ==================================================
[16:01:47] ✅ Exported 25 leads to CSV
[16:01:47] 📁 /root/.openclaw/workspace/facebook-scraper/csv_exports/leads_20260421_160147.csv
[16:01:47] 📋 Columns: No, Post URL, Message, Group, PostDate, Score, Reason, Contact, ScrapedAt
[16:01:49] ✅ Sent to Telegram!
[16:01:49] ==================================================
[2026-04-21 09:00:05] === RUN 2: COMPLETE ===
[2026-04-21 09:00:05] Sleeping 5 minutes before next run...

========== RUN 3: 2026-04-21 09:06:49 ==========
[2026-04-21 09:06:49] === RUN 3: Running /fbuyer ===
============================================================
🚀 FACEBOOK SCRAPER - HYBRID + MiniMax AI
============================================================
[16:06:49] 📋 Groups: 6
[16:06:49] 👥 Workers: 3
[16:06:49] 🔄 Browser reuse limit: 2
[16:06:49] ⏳ Delay: 2-5 seconds
[16:06:49] 🧠 AI: JSON format - is_lead, score, reason
============================================================
[16:06:49] ✅ Loaded 5 cookies
[16:06:49] 📋 Queue filled with 6 groups
[16:06:49] 📁 Existing leads: 17 URLs
[16:06:49] 🚀 Starting 3 workers...
[16:06:49] [Worker-1] 🚀 Worker 1 starting...
[16:06:50] [Worker-2] 🚀 Worker 2 starting...
[16:06:51] [Worker-3] 🚀 Worker 3 starting...
[16:06:54] [Worker-1] 📂 Loading group: 1925997401002801
[16:06:56] [Worker-2] 📂 Loading group: 383849116272497
[16:06:57] [Worker-3] 📂 Loading group: 2317142971864047
[16:07:03] [Worker-1]    📜 Scroll 1/3...
[16:07:03] [Worker-3]    📜 Scroll 1/3...
[16:07:05] [Worker-2]    📜 Scroll 1/3...
[16:07:05] [Worker-1]       📰 Found 8 posts
[16:07:06] [Worker-3]       📰 Found 11 posts
[16:07:07] [Worker-2]       📰 Found 7 posts
[16:07:10] [Worker-3]       🟢 LEAD | score:4 | ถามเกี่ยวกับโซล่า
[16:07:17] [Worker-1]    📜 Scroll 2/3...
[16:07:17] [Worker-3]    📜 Scroll 2/3...
[16:07:19] [Worker-1]       📰 Found 8 posts
[16:07:22] [Worker-3]       📰 Found 15 posts
[16:07:22] [Worker-2]    📜 Scroll 2/3...
[16:07:26] [Worker-2]       📰 Found 7 posts
[16:07:27] [Worker-1]    📜 Scroll 3/3...
[16:07:29] [Worker-1]       📰 Found 9 posts
[16:07:30] [Worker-3]    📜 Scroll 3/3...
[16:07:32] [Worker-2]    📜 Scroll 3/3...
[16:07:32] [Worker-3]       📰 Found 13 posts
[16:07:37] [Worker-2]       📰 Found 9 posts
[16:07:40] [Worker-1] 📂 Loading group: thaisolarcell
[16:07:45] [Worker-1]    📜 Scroll 1/3...
[16:07:46] [Worker-3] 📂 Loading group: 1671213103178339
[16:07:48] [Worker-2] 📂 Loading group: 429829328127055
[16:07:49] [Worker-1]       📰 Found 9 posts
[16:07:51] [Worker-1]       🟢 LEAD | score:8 | สอบถาม/ขอคำแนะนำ
[16:07:54] [Worker-3]    📜 Scroll 1/3...
[16:07:56] [Worker-2]    📜 Scroll 1/3...
[16:07:56] [Worker-3]       📰 Found 7 posts
[16:08:00] [Worker-1]    📜 Scroll 2/3...
[16:08:00] [Worker-2]       📰 Found 6 posts
[16:08:03] [Worker-1]       📰 Found 10 posts
[16:08:05] [Worker-1]    📜 Scroll 3/3...
[16:08:09] [Worker-3]    📜 Scroll 2/3...
[16:08:10] [Worker-1]       📰 Found 16 posts
[16:08:12] [Worker-3]       📰 Found 7 posts
[16:08:16] [Worker-2]    📜 Scroll 2/3...
[16:08:17] [Worker-3]    📜 Scroll 3/3...
[16:08:19] [Worker-1] 🏁 Worker 1 queue empty, exiting
[16:08:19] [Worker-1] 🏁 Worker 1 done. Total leads: 1
[16:08:19] [Worker-2]       📰 Found 7 posts
[16:08:22] [Worker-3]       📰 Found 9 posts
[16:08:25] [Worker-2]    📜 Scroll 3/3...
[16:08:27] [Worker-2]       📰 Found 9 posts
[16:08:31] [Worker-3] 🏁 Worker 3 queue empty, exiting
[16:08:31] [Worker-3] 🏁 Worker 3 done. Total leads: 1
[16:08:34] [Worker-2] 🏁 Worker 2 queue empty, exiting
[16:08:34] [Worker-2] 🏁 Worker 2 done. Total leads: 0
============================================================
✅ COMPLETE!
📊 Leads found this run: 2
📁 Total in leads folder: 27
🏁 Groups completed: 6
💡 Run /wbuyer to export CSV
============================================================
[2026-04-21 09:06:49] === RUN 3: Running /wbuyer ===
[16:08:35] ==================================================
[16:08:35] 📊 EXPORT LEADS TO CSV
[16:08:35] ==================================================
[16:08:35] ✅ Exported 27 leads to CSV
[16:08:35] 📁 /root/.openclaw/workspace/facebook-scraper/csv_exports/leads_20260421_160835.csv
[16:08:35] 📋 Columns: No, Post URL, Message, Group, PostDate, Score, Reason, Contact, ScrapedAt
[16:08:37] ✅ Sent to Telegram!
[16:08:37] ==================================================
[2026-04-21 09:06:49] === RUN 3: COMPLETE ===
[2026-04-21 09:06:49] Sleeping 5 minutes before next run...

========== RUN 4: 2026-04-21 09:13:37 ==========
[2026-04-21 09:13:37] === RUN 4: Running /fbuyer ===
============================================================
🚀 FACEBOOK SCRAPER - HYBRID + MiniMax AI
============================================================
[16:13:37] 📋 Groups: 6
[16:13:37] 👥 Workers: 3
[16:13:37] 🔄 Browser reuse limit: 2
[16:13:37] ⏳ Delay: 2-5 seconds
[16:13:37] 🧠 AI: JSON format - is_lead, score, reason
============================================================
[16:13:37] ✅ Loaded 5 cookies
[16:13:37] 📋 Queue filled with 6 groups
[16:13:37] 📁 Existing leads: 19 URLs
[16:13:37] 🚀 Starting 3 workers...
[16:13:37] [Worker-1] 🚀 Worker 1 starting...
[16:13:38] [Worker-2] 🚀 Worker 2 starting...
[16:13:39] [Worker-3] 🚀 Worker 3 starting...
[16:13:42] [Worker-1] 📂 Loading group: 1925997401002801
[16:13:43] [Worker-2] 📂 Loading group: 383849116272497
[16:13:44] [Worker-3] 📂 Loading group: 2317142971864047
[16:13:48] [Worker-2]    📜 Scroll 1/3...
[16:13:48] [Worker-1]    📜 Scroll 1/3...
[16:13:49] [Worker-3]    📜 Scroll 1/3...
[16:13:50] [Worker-2]       📰 Found 6 posts
[16:13:51] [Worker-1]       📰 Found 8 posts
[16:13:54] [Worker-3]       📰 Found 7 posts
[16:14:01] [Worker-1]    📜 Scroll 2/3...
[16:14:03] [Worker-1]       📰 Found 8 posts
[16:14:06] [Worker-2]    📜 Scroll 2/3...
[16:14:08] [Worker-1]    📜 Scroll 3/3...
[16:14:09] [Worker-3]    📜 Scroll 2/3...
[16:14:10] [Worker-2]       📰 Found 7 posts
[16:14:11] [Worker-1]       📰 Found 9 posts
[16:14:11] [Worker-3]       📰 Found 7 posts
[16:14:14] [Worker-2]    📜 Scroll 3/3...
[16:14:16] [Worker-3]    📜 Scroll 3/3...
[16:14:19] [Worker-2]       📰 Found 7 posts
[16:14:20] [Worker-3]       📰 Found 11 posts
[16:14:23] [Worker-1] 📂 Loading group: thaisolarcell
[16:14:30] [Worker-1]    📜 Scroll 1/3...
[16:14:34] [Worker-1]       📰 Found 10 posts
[16:14:35] [Worker-2] 📂 Loading group: 1671213103178339
[16:14:36] [Worker-3] 📂 Loading group: 429829328127055
[16:14:40] [Worker-1]    📜 Scroll 2/3...
[16:14:42] [Worker-3]    📜 Scroll 1/3...
[16:14:43] [Worker-2]    📜 Scroll 1/3...
[16:14:44] [Worker-1]       📰 Found 10 posts
[16:14:46] [Worker-2]       📰 Found 6 posts
[16:14:46] [Worker-3]       📰 Found 7 posts
[16:14:48] [Worker-1]    📜 Scroll 3/3...
[16:14:53] [Worker-1]       📰 Found 14 posts
[16:14:57] [Worker-3]    📜 Scroll 2/3...
[16:14:59] [Worker-3]       📰 Found 9 posts
[16:15:01] [Worker-2]    📜 Scroll 2/3...
[16:15:02] [Worker-1] 🏁 Worker 1 queue empty, exiting
[16:15:02] [Worker-1] 🏁 Worker 1 done. Total leads: 0
[16:15:05] [Worker-3]    📜 Scroll 3/3...
[16:15:06] [Worker-2]       📰 Found 7 posts
[16:15:08] [Worker-3]       📰 Found 9 posts
[16:15:11] [Worker-2]    📜 Scroll 3/3...
[16:15:16] [Worker-2]       📰 Found 7 posts
[16:15:20] [Worker-3] 🏁 Worker 3 queue empty, exiting
[16:15:20] [Worker-3] 🏁 Worker 3 done. Total leads: 0
[16:15:26] [Worker-2] 🏁 Worker 2 queue empty, exiting
[16:15:26] [Worker-2] 🏁 Worker 2 done. Total leads: 0
============================================================
✅ COMPLETE!
📊 Leads found this run: 0
📁 Total in leads folder: 27
🏁 Groups completed: 6
💡 Run /wbuyer to export CSV
============================================================
[2026-04-21 09:13:37] === RUN 4: Running /wbuyer ===
[16:15:26] ==================================================
[16:15:26] 📊 EXPORT LEADS TO CSV
[16:15:26] ==================================================
[16:15:26] ✅ Exported 27 leads to CSV
[16:15:26] 📁 /root/.openclaw/workspace/facebook-scraper/csv_exports/leads_20260421_161526.csv
[16:15:26] 📋 Columns: No, Post URL, Message, Group, PostDate, Score, Reason, Contact, ScrapedAt
[16:15:28] ✅ Sent to Telegram!
[16:15:28] ==================================================
[2026-04-21 09:13:37] === RUN 4: COMPLETE ===
