[Fri Apr 24 03:01:10 UTC 2026] Starting /runall loop - 2 runs, 5 min interval
[Fri Apr 24 03:01:10 UTC 2026] Run 1/2 - Starting
[10:01:10] ============================================================
[10:01:10] 🚀 SCRAPER - ดึงทุกโพส (ไม่ filter)
[10:01:10] ============================================================
[10:01:13] 📂 Loading: 1925997401002801
[10:01:20] 📂 Group: 1925997401002801 | Scrolls: 5
[10:01:22]     📜 Scroll 1/5 → Found 0 posts
[10:01:26]     📜 Scroll 2/5 → Found 0 posts
[10:01:31]     📜 Scroll 3/5 → Found 0 posts
[10:01:35]     📜 Scroll 4/5 → Found 0 posts
[10:01:39]     📜 Scroll 5/5 → Found 0 posts
[10:01:41]     ✅ Total so far: 0 posts
[10:01:44] 📂 Loading: 383849116272497
[10:01:51] 📂 Group: 383849116272497 | Scrolls: 5
[10:01:53]     📜 Scroll 1/5 → Found 3 posts
[10:01:59]     📜 Scroll 2/5 → Found 3 posts
[10:02:04]     📜 Scroll 3/5 → Found 3 posts
[10:02:09]     📜 Scroll 4/5 → Found 3 posts
[10:02:15]     📜 Scroll 5/5 → Found 3 posts
[10:02:17]     ✅ Total so far: 0 posts
[10:02:20] 📂 Loading: 2317142971864047
[10:02:26] 📂 Group: 2317142971864047 | Scrolls: 5
[10:02:30]     📜 Scroll 1/5 → Found 4 posts
[10:02:34]     📜 Scroll 2/5 → Found 4 posts
[10:02:40]     📜 Scroll 3/5 → Found 4 posts
[10:02:44]     📜 Scroll 4/5 → Found 4 posts
[10:02:49]     📜 Scroll 5/5 → Found 4 posts
[10:02:51]     ✅ Total so far: 10 posts
[10:02:55] 📂 Loading: thaisolarcell
[10:03:01] 📂 Group: thaisolarcell | Scrolls: 5
[10:03:05]     📜 Scroll 1/5 → Found 4 posts
[10:03:11]     📜 Scroll 2/5 → Found 4 posts
[10:03:17]     📜 Scroll 3/5 → Found 4 posts
[10:03:23]     📜 Scroll 4/5 → Found 4 posts
[10:03:30]     📜 Scroll 5/5 → Found 4 posts
[10:03:31]     ✅ Total so far: 20 posts
[10:03:34] 📂 Loading: 1671213103178339
[10:03:40] 📂 Group: 1671213103178339 | Scrolls: 3
[10:03:42]     📜 Scroll 1/3 → Found 3 posts
[10:03:47]     📜 Scroll 2/3 → Found 3 posts
[10:03:51]     📜 Scroll 3/3 → Found 3 posts
[10:03:53]     ✅ Total so far: 23 posts
[10:03:56] 📂 Loading: 429829328127055
[10:04:02] 📂 Group: 429829328127055 | Scrolls: 3
[10:04:05]     📜 Scroll 1/3 → Found 3 posts
[10:04:09]     📜 Scroll 2/3 → Found 3 posts
[10:04:13]     📜 Scroll 3/3 → Found 3 posts
[10:04:15]     ✅ Total so far: 26 posts
[10:04:18] 
============================================================
[10:04:18] 📊 TOTAL: 26 posts
[10:04:18] 💾 Saved to: /root/.openclaw/workspace/facebook-scraper/all_posts.json
[10:04:18] ============================================================
[10:04:18] 🚀 AI Filter All - วิเคราะห์โพสทั้งหมด
📥 โหลด 26 โพสแล้ว
============================================================
🔍 วิเคราะห์ 26 โพสด้วย Keyword Filter v2
============================================================
   ⚠️ ซ้ำ: https://www.facebook.com/groups/2317142971864047/posts/4356098834635107/
   ⚠️ ซ้ำ: https://www.facebook.com/groups/2317142971864047/posts/4356098834635107/
   ⚠️ ซ้ำ: https://www.facebook.com/groups/2317142971864047/posts/4356098834635107/
   ⚠️ ซ้ำ: https://www.facebook.com/groups/2317142971864047/posts/4356098834635107/
   ⚠️ ซ้ำ: https://www.facebook.com/groups/2317142971864047/posts/4356098834635107/
   ⚠️ ซ้ำ: https://www.facebook.com/groups/2317142971864047/posts/4356098834635107/
   ⚠️ ซ้ำ: https://www.facebook.com/groups/2317142971864047/posts/4356098834635107/
   ⚠️ ซ้ำ: https://www.facebook.com/groups/2317142971864047/posts/4356098834635107/
   ⚠️ ซ้ำ: https://www.facebook.com/groups/2317142971864047/posts/4356098834635107/
🟢 [11] 🟢 สนใจโซล่าเซลล์ (score:7)
   ⚠️ ซ้ำ: https://www.facebook.com/groups/thaisolarcell/posts/1296919549074774/
   ⚠️ ซ้ำ: https://www.facebook.com/groups/thaisolarcell/posts/1296919549074774/
   ⚠️ ซ้ำ: https://www.facebook.com/groups/thaisolarcell/posts/1296919549074774/
   ⚠️ ซ้ำ: https://www.facebook.com/groups/thaisolarcell/posts/1296919549074774/
   ⚠️ ซ้ำ: https://www.facebook.com/groups/thaisolarcell/posts/1296919549074774/
   ⚠️ ซ้ำ: https://www.facebook.com/groups/thaisolarcell/posts/1296919549074774/
   ⚠️ ซ้ำ: https://www.facebook.com/groups/thaisolarcell/posts/1296919549074774/
   ⚠️ ซ้ำ: https://www.facebook.com/groups/thaisolarcell/posts/1296919549074774/
   ⚠️ ซ้ำ: https://www.facebook.com/groups/thaisolarcell/posts/1296919549074774/
   ⚠️ ซ้ำ: https://www.facebook.com/groups/1671213103178339/posts/4064359703863655/
   ⚠️ ซ้ำ: https://www.facebook.com/groups/1671213103178339/posts/4064359703863655/
   ⚠️ ซ้ำ: https://www.facebook.com/groups/429829328127055/posts/1602652554178054/
   ⚠️ ซ้ำ: https://www.facebook.com/groups/429829328127055/posts/1602652554178054/
============================================================
📊 ผลลัพธ์: 1 leads / 25 ไม่ใช่ lead
============================================================
📤 ส่งแจ้งเตือนให้ Admin...
✅ เสร็จสิ้น! บันทึก 1 leads
[Fri Apr 24 03:04:20 UTC 2026] Run 1/2 - Complete
[Fri Apr 24 03:04:20 UTC 2026] Waiting 5 minutes...
[Fri Apr 24 03:09:20 UTC 2026] Run 2/2 - Starting
[10:09:20] ============================================================
[10:09:20] 🚀 SCRAPER - ดึงทุกโพส (ไม่ filter)
[10:09:20] ============================================================
[10:09:23] 📂 Loading: 1925997401002801
[10:09:28] 📂 Group: 1925997401002801 | Scrolls: 4
[10:09:32]     📜 Scroll 1/4 → Found 0 posts
[10:09:39]     📜 Scroll 2/4 → Found 0 posts
[10:09:44]     📜 Scroll 3/4 → Found 0 posts
[10:09:48]     📜 Scroll 4/4 → Found 0 posts
[10:09:49]     ✅ Total so far: 0 posts
[10:09:52] 📂 Loading: 383849116272497
[10:09:58] 📂 Group: 383849116272497 | Scrolls: 4
[10:10:01]     📜 Scroll 1/4 → Found 3 posts
[10:10:07]     📜 Scroll 2/4 → Found 3 posts
[10:10:11]     📜 Scroll 3/4 → Found 3 posts
[10:10:17]     📜 Scroll 4/4 → Found 3 posts
[10:10:19]     ✅ Total so far: 0 posts
[10:10:21] 📂 Loading: 2317142971864047
[10:10:25] 📂 Group: 2317142971864047 | Scrolls: 5
[10:10:30]     📜 Scroll 1/5 → Found 3 posts
[10:10:36]     📜 Scroll 2/5 → Found 3 posts
[10:10:39]     📜 Scroll 3/5 → Found 3 posts
[10:10:45]     📜 Scroll 4/5 → Found 3 posts
[10:10:49]     📜 Scroll 5/5 → Found 3 posts
[10:10:51]     ✅ Total so far: 5 posts
[10:10:54] 📂 Loading: thaisolarcell
[10:11:01] 📂 Group: thaisolarcell | Scrolls: 4
[10:11:04]     📜 Scroll 1/4 → Found 3 posts
[10:11:10]     📜 Scroll 2/4 → Found 3 posts
[10:11:16]     📜 Scroll 3/4 → Found 3 posts
[10:11:22]     📜 Scroll 4/4 → Found 3 posts
[10:11:23]     ✅ Total so far: 9 posts
[10:11:25] 📂 Loading: 1671213103178339
[10:11:31] 📂 Group: 1671213103178339 | Scrolls: 4
[10:11:33]     📜 Scroll 1/4 → Found 3 posts
[10:11:38]     📜 Scroll 2/4 → Found 3 posts
[10:11:45]     📜 Scroll 3/4 → Found 3 posts
[10:11:51]     📜 Scroll 4/4 → Found 3 posts
[10:11:52]     ✅ Total so far: 13 posts
[10:11:55] 📂 Loading: 429829328127055
[10:12:00] 📂 Group: 429829328127055 | Scrolls: 5
[10:12:02]     📜 Scroll 1/5 → Found 3 posts
[10:12:08]     📜 Scroll 2/5 → Found 3 posts
[10:12:13]     📜 Scroll 3/5 → Found 3 posts
[10:12:17]     📜 Scroll 4/5 → Found 3 posts
[10:12:21]     📜 Scroll 5/5 → Found 3 posts
[10:12:23]     ✅ Total so far: 18 posts
[10:12:26] 
============================================================
[10:12:26] 📊 TOTAL: 18 posts
[10:12:26] 💾 Saved to: /root/.openclaw/workspace/facebook-scraper/all_posts.json
[10:12:26] ============================================================
[10:12:26] 🚀 AI Filter All - วิเคราะห์โพสทั้งหมด
📥 โหลด 18 โพสแล้ว
============================================================
🔍 วิเคราะห์ 18 โพสด้วย Keyword Filter v2
============================================================
   ⚠️ ซ้ำ: https://www.facebook.com/groups/2317142971864047/posts/4356105847967739/
   ⚠️ ซ้ำ: https://www.facebook.com/groups/2317142971864047/posts/4356105847967739/
   ⚠️ ซ้ำ: https://www.facebook.com/groups/2317142971864047/posts/4356105847967739/
   ⚠️ ซ้ำ: https://www.facebook.com/groups/2317142971864047/posts/4356105847967739/
   ⚠️ ซ้ำ: https://www.facebook.com/groups/thaisolarcell/posts/1296971472402915/
   ⚠️ ซ้ำ: https://www.facebook.com/groups/thaisolarcell/posts/1296971472402915/
   ⚠️ ซ้ำ: https://www.facebook.com/groups/thaisolarcell/posts/1296971472402915/
   ⚠️ ซ้ำ: https://www.facebook.com/groups/1671213103178339/posts/4064359703863655/
   ⚠️ ซ้ำ: https://www.facebook.com/groups/1671213103178339/posts/4064359703863655/
   ⚠️ ซ้ำ: https://www.facebook.com/groups/1671213103178339/posts/4064359703863655/
   ⚠️ ซ้ำ: https://www.facebook.com/groups/429829328127055/posts/1603425554100754/
   ⚠️ ซ้ำ: https://www.facebook.com/groups/429829328127055/posts/1603425554100754/
   ⚠️ ซ้ำ: https://www.facebook.com/groups/429829328127055/posts/1603425554100754/
   ⚠️ ซ้ำ: https://www.facebook.com/groups/429829328127055/posts/1603425554100754/
============================================================
📊 ผลลัพธ์: 0 leads / 18 ไม่ใช่ lead
============================================================
📤 ส่งแจ้งเตือนให้ Admin...
✅ เสร็จสิ้น! บันทึก 0 leads
[Fri Apr 24 03:12:27 UTC 2026] Run 2/2 - Complete
[Fri Apr 24 03:12:27 UTC 2026] Loop complete - 2 runs done
