[11:48:30] ============================================================
[11:48:30] 🚀 SCRAPER - ดึงทุกโพส (ไม่ filter)
[11:48:30] ============================================================
[11:48:35] 📂 Loading: 1925997401002801
[11:48:41] 📂 Group: 1925997401002801 | Scrolls: 7
[11:48:45]     📜 Scroll 1/7 → Found 7 posts
[11:48:52]     📜 Scroll 2/7 → Found 9 posts
[11:48:59]     📜 Scroll 3/7 → Found 9 posts
[11:49:06]     📜 Scroll 4/7 → Found 12 posts
[11:49:11]     📜 Scroll 5/7 → Found 12 posts
[11:49:15]     📜 Scroll 6/7 → Found 12 posts
[11:49:22]     📜 Scroll 7/7 → Found 13 posts
[11:49:24]     ✅ Total so far: 9 posts
[11:49:26] 📂 Loading: 383849116272497
[11:49:32] 📂 Group: 383849116272497 | Scrolls: 4
[11:49:37]     📜 Scroll 1/4 → Found 9 posts
[11:49:42]     📜 Scroll 2/4 → Found 9 posts
[11:49:47]     📜 Scroll 3/4 → Found 12 posts
[11:49:52]     📜 Scroll 4/4 → Found 12 posts
[11:49:54]     ✅ Total so far: 10 posts
[11:49:56] 📂 Loading: 2317142971864047
[11:50:03] 📂 Group: 2317142971864047 | Scrolls: 7
[11:50:07]     📜 Scroll 1/7 → Found 11 posts
[11:50:11]     📜 Scroll 2/7 → Found 11 posts
[11:50:15]     📜 Scroll 3/7 → Found 14 posts
[11:50:19]     📜 Scroll 4/7 → Found 14 posts
[11:50:24]     📜 Scroll 5/7 → Found 12 posts
[11:50:30]     📜 Scroll 6/7 → Found 13 posts
[11:50:35]     📜 Scroll 7/7 → Found 13 posts
[11:50:36]     ✅ Total so far: 18 posts
[11:50:39] 📂 Loading: thaisolarcell
[11:50:46] 📂 Group: thaisolarcell | Scrolls: 6
[11:50:48]     📜 Scroll 1/6 → Found 12 posts
[11:50:54]     📜 Scroll 2/6 → Found 12 posts
[11:50:59]     📜 Scroll 3/6 → Found 14 posts
[11:51:06]     📜 Scroll 4/6 → Found 16 posts
[11:51:11]     📜 Scroll 5/6 → Found 16 posts
[11:51:14]     📜 Scroll 6/6 → Found 14 posts
[11:51:15]     ✅ Total so far: 26 posts
[11:51:18] 📂 Loading: 1671213103178339
[11:51:23] 📂 Group: 1671213103178339 | Scrolls: 7
[11:51:26]     📜 Scroll 1/7 → Found 6 posts
[11:51:32]     📜 Scroll 2/7 → Found 7 posts
[11:51:36]     📜 Scroll 3/7 → Found 9 posts
[11:51:41]     📜 Scroll 4/7 → Found 9 posts
[11:51:46]     📜 Scroll 5/7 → Found 11 posts
[11:51:53]     📜 Scroll 6/7 → Found 15 posts
[11:51:57]     📜 Scroll 7/7 → Found 15 posts
[11:51:59]     ✅ Total so far: 34 posts
[11:52:02] 📂 Loading: 429829328127055
[11:52:07] 📂 Group: 429829328127055 | Scrolls: 4
[11:52:12]     📜 Scroll 1/4 → Found 7 posts
[11:52:16]     📜 Scroll 2/4 → Found 9 posts
[11:52:22]     📜 Scroll 3/4 → Found 9 posts
[11:52:28]     📜 Scroll 4/4 → Found 9 posts
[11:52:30]     ✅ Total so far: 40 posts
[11:52:32] 
============================================================
[11:52:32] 📊 TOTAL: 40 posts
[11:52:32] 💾 Saved to: /root/.openclaw/workspace/facebook-scraper/all_posts.json
[11:52:32] ============================================================
